2020-03-25 16:06:47,931  INFO Version:21 - HV000001: Hibernate Validator 6.0.7.Final
2020-03-25 16:06:48,326  INFO LanuchApplication:50 - Starting LanuchApplication on DESKTOP-5MB9DGL with PID 1576 (D:\git_repo\springboot-mybatis-thymeleaf\renshou\target\classes started by dhsu_2019 in D:\git_repo\springboot-mybatis-thymeleaf\renshou)
2020-03-25 16:06:48,328  INFO LanuchApplication:656 - The following profiles are active: dev
2020-03-25 16:06:48,400  INFO AnnotationConfigServletWebServerApplicationContext:589 - Refreshing org.springframework.boot.web.servlet.context.AnnotationConfigServletWebServerApplicationContext@1548708: startup date [Wed Mar 25 16:06:48 CST 2020]; root of context hierarchy
2020-03-25 16:06:50,261  INFO PostProcessorRegistrationDelegate$BeanPostProcessorChecker:328 - Bean 'org.springframework.transaction.annotation.ProxyTransactionManagementConfiguration' of type [org.springframework.transaction.annotation.ProxyTransactionManagementConfiguration$$EnhancerBySpringCGLIB$$b54543a2] is not eligible for getting processed by all BeanPostProcessors (for example: not eligible for auto-proxying)
2020-03-25 16:06:50,903  INFO TomcatWebServer:91 - Tomcat initialized with port(s): 8081 (http)
2020-03-25 16:06:51,066  INFO ContextLoader:285 - Root WebApplicationContext: initialization completed in 2669 ms
2020-03-25 16:06:51,214  INFO ServletRegistrationBean:185 - Servlet dispatcherServlet mapped to [/]
2020-03-25 16:06:51,219  INFO FilterRegistrationBean:243 - Mapping filter: 'characterEncodingFilter' to: [/*]
2020-03-25 16:06:51,220  INFO FilterRegistrationBean:243 - Mapping filter: 'hiddenHttpMethodFilter' to: [/*]
2020-03-25 16:06:51,220  INFO FilterRegistrationBean:243 - Mapping filter: 'httpPutFormContentFilter' to: [/*]
2020-03-25 16:06:51,221  INFO FilterRegistrationBean:243 - Mapping filter: 'requestContextFilter' to: [/*]
2020-03-25 16:06:51,990  INFO DruidDataSource:930 - {dataSource-1} inited
2020-03-25 16:06:52,941  INFO RequestMappingHandlerMapping:548 - Mapped "{[/test]}" onto public java.lang.String com.iflytek.renshou.controller.TestController.test(javax.servlet.http.HttpServletRequest)
2020-03-25 16:06:52,944  INFO RequestMappingHandlerMapping:548 - Mapped "{[/validator],methods=[POST]}" onto public java.util.Map<java.lang.String, java.lang.Object> com.iflytek.renshou.controller.UserVoController.validate(com.iflytek.renshou.pojo.ValidatePojo,org.springframework.validation.Errors)
2020-03-25 16:06:52,945  INFO RequestMappingHandlerMapping:548 - Mapped "{[/user/del/{uid}],methods=[GET]}" onto public com.iflytek.renshou.pojo.BaseResult com.iflytek.renshou.controller.UserVoController.delUser(java.lang.Integer)
2020-03-25 16:06:52,948  INFO RequestMappingHandlerMapping:548 - Mapped "{[/user/get/{uid}],methods=[GET]}" onto public com.iflytek.renshou.pojo.UserVo com.iflytek.renshou.controller.UserVoController.getUser(java.lang.Integer)
2020-03-25 16:06:52,949  INFO RequestMappingHandlerMapping:548 - Mapped "{[/user/update],methods=[POST]}" onto public com.iflytek.renshou.pojo.BaseResult com.iflytek.renshou.controller.UserVoController.updateUser(com.iflytek.renshou.pojo.UserVo)
2020-03-25 16:06:52,950  INFO RequestMappingHandlerMapping:548 - Mapped "{[/getsession],methods=[GET]}" onto public java.util.Map<java.lang.String, java.lang.Object> com.iflytek.renshou.controller.UserVoController.getsession(javax.servlet.http.HttpServletRequest)
2020-03-25 16:06:52,950  INFO RequestMappingHandlerMapping:548 - Mapped "{[/user/add],methods=[POST]}" onto public com.iflytek.renshou.pojo.BaseResult com.iflytek.renshou.controller.UserVoController.addUser(com.iflytek.renshou.pojo.UserVo)
2020-03-25 16:06:52,953  INFO RequestMappingHandlerMapping:548 - Mapped "{[/v2/api-docs],methods=[GET],produces=[application/json || application/hal+json]}" onto public org.springframework.http.ResponseEntity<springfox.documentation.spring.web.json.Json> springfox.documentation.swagger2.web.Swagger2Controller.getDocumentation(java.lang.String,javax.servlet.http.HttpServletRequest)
2020-03-25 16:06:52,958  INFO RequestMappingHandlerMapping:548 - Mapped "{[/configuration/ui]}" onto org.springframework.http.ResponseEntity<springfox.documentation.swagger.web.UiConfiguration> springfox.documentation.swagger.web.ApiResourceController.uiConfiguration()
2020-03-25 16:06:52,960  INFO RequestMappingHandlerMapping:548 - Mapped "{[/swagger-resources]}" onto org.springframework.http.ResponseEntity<java.util.List<springfox.documentation.swagger.web.SwaggerResource>> springfox.documentation.swagger.web.ApiResourceController.swaggerResources()
2020-03-25 16:06:52,962  INFO RequestMappingHandlerMapping:548 - Mapped "{[/configuration/security]}" onto org.springframework.http.ResponseEntity<springfox.documentation.swagger.web.SecurityConfiguration> springfox.documentation.swagger.web.ApiResourceController.securityConfiguration()
2020-03-25 16:06:52,967  INFO RequestMappingHandlerMapping:548 - Mapped "{[/error]}" onto public org.springframework.http.ResponseEntity<java.util.Map<java.lang.String, java.lang.Object>> org.springframework.boot.autoconfigure.web.servlet.error.BasicErrorController.error(javax.servlet.http.HttpServletRequest)
2020-03-25 16:06:52,968  INFO RequestMappingHandlerMapping:548 - Mapped "{[/error],produces=[text/html]}" onto public org.springframework.web.servlet.ModelAndView org.springframework.boot.autoconfigure.web.servlet.error.BasicErrorController.errorHtml(javax.servlet.http.HttpServletRequest,javax.servlet.http.HttpServletResponse)
2020-03-25 16:06:53,381  INFO RequestMappingHandlerAdapter:567 - Looking for @ControllerAdvice: org.springframework.boot.web.servlet.context.AnnotationConfigServletWebServerApplicationContext@1548708: startup date [Wed Mar 25 16:06:48 CST 2020]; root of context hierarchy
2020-03-25 16:06:53,466  INFO SimpleUrlHandlerMapping:373 - Mapped URL path [/webjars/**] onto handler of type [class org.springframework.web.servlet.resource.ResourceHttpRequestHandler]
2020-03-25 16:06:53,467  INFO SimpleUrlHandlerMapping:373 - Mapped URL path [/**] onto handler of type [class org.springframework.web.servlet.resource.ResourceHttpRequestHandler]
2020-03-25 16:06:53,522  INFO SimpleUrlHandlerMapping:373 - Mapped URL path [/**/favicon.ico] onto handler of type [class org.springframework.web.servlet.resource.ResourceHttpRequestHandler]
2020-03-25 16:06:53,574  WARN TemplateMode:150 - [THYMELEAF][restartedMain] Template Mode 'HTML5' is deprecated. Using Template Mode 'HTML' instead.
2020-03-25 16:06:53,652  INFO WelcomePageHandlerMapping:56 - Adding welcome page: class path resource [static/index.html]
2020-03-25 16:06:53,900  INFO OptionalLiveReloadServer:57 - LiveReload server is running on port 35729
2020-03-25 16:06:53,990  INFO AnnotationMBeanExporter:434 - Registering beans for JMX exposure on startup
2020-03-25 16:06:53,992  INFO AnnotationMBeanExporter:896 - Bean with name 'dataSource' has been autodetected for JMX exposure
2020-03-25 16:06:54,000  INFO AnnotationMBeanExporter:669 - Located MBean 'dataSource': registering with JMX server as MBean [com.alibaba.druid.pool:name=dataSource,type=DruidDataSource]
2020-03-25 16:06:54,017  INFO ScheduledAnnotationBeanPostProcessor:275 - No TaskScheduler/ScheduledExecutorService bean found for scheduled processing
2020-03-25 16:06:54,026  INFO DocumentationPluginsBootstrapper:84 - Context refreshed
2020-03-25 16:06:54,048  INFO DocumentationPluginsBootstrapper:87 - Found 1 custom documentation plugin(s)
2020-03-25 16:06:54,057  INFO ApiListingReferenceScanner:44 - Scanning for api listing references
2020-03-25 16:06:54,103  INFO TomcatWebServer:205 - Tomcat started on port(s): 8081 (http) with context path ''
2020-03-25 16:06:54,106  INFO LanuchApplication:59 - Started LanuchApplication in 6.298 seconds (JVM running for 7.137)
2020-03-25 16:06:54,109  INFO StartUpService:21 - 启动时任务开始...
2020-03-25 16:06:54,109  INFO StartUpService:25 - 启动时任务结束...
2020-03-25 16:08:04,955  INFO DispatcherServlet:494 - FrameworkServlet 'dispatcherServlet': initialization started
2020-03-25 16:08:04,978  INFO DispatcherServlet:513 - FrameworkServlet 'dispatcherServlet': initialization completed in 23 ms
2020-03-25 16:11:01,492  WARN PageNotFound:250 - Request method 'POST' not supported
2020-03-25 16:11:01,492  WARN DefaultHandlerExceptionResolver:193 - Resolved exception caused by Handler execution: org.springframework.web.HttpRequestMethodNotSupportedException: Request method 'POST' not supported
2020-03-25 16:11:18,162  INFO UserVoController:88 - 查询uid=1的用户信息...
2020-03-25 16:11:43,363  INFO UserVoController:88 - 查询uid=1的用户信息...
2020-03-25 16:11:43,544  INFO UserVoController:88 - 查询uid=1的用户信息...
2020-03-25 16:11:43,728  INFO UserVoController:88 - 查询uid=1的用户信息...
2020-03-25 16:11:44,057  INFO UserVoController:88 - 查询uid=1的用户信息...
2020-03-25 16:11:44,211  INFO UserVoController:88 - 查询uid=1的用户信息...
2020-03-25 16:11:44,373  INFO UserVoController:88 - 查询uid=1的用户信息...
2020-03-25 16:11:44,537  INFO UserVoController:88 - 查询uid=1的用户信息...
2020-03-25 16:11:44,689  INFO UserVoController:88 - 查询uid=1的用户信息...
2020-03-25 16:11:44,851  INFO UserVoController:88 - 查询uid=1的用户信息...
2020-03-25 16:11:45,030  INFO UserVoController:88 - 查询uid=1的用户信息...
2020-03-25 16:11:45,206  INFO UserVoController:88 - 查询uid=1的用户信息...
2020-03-25 16:11:45,388  INFO UserVoController:88 - 查询uid=1的用户信息...
2020-03-25 16:11:45,567  INFO UserVoController:88 - 查询uid=1的用户信息...
2020-03-25 16:11:45,730  INFO UserVoController:88 - 查询uid=1的用户信息...
2020-03-25 16:11:45,886  INFO UserVoController:88 - 查询uid=1的用户信息...
2020-03-25 16:11:46,051  INFO UserVoController:88 - 查询uid=1的用户信息...
2020-03-25 16:11:46,232  INFO UserVoController:88 - 查询uid=1的用户信息...
2020-03-25 16:11:46,404  INFO UserVoController:88 - 查询uid=1的用户信息...
2020-03-25 16:11:46,568  INFO UserVoController:88 - 查询uid=1的用户信息...
2020-03-25 16:11:46,749  INFO UserVoController:88 - 查询uid=1的用户信息...
2020-03-25 16:11:47,275  INFO UserVoController:88 - 查询uid=1的用户信息...
2020-03-25 16:11:47,443  INFO UserVoController:88 - 查询uid=1的用户信息...
2020-03-25 16:11:47,608  INFO UserVoController:88 - 查询uid=1的用户信息...
2020-03-25 16:11:47,770  INFO UserVoController:88 - 查询uid=1的用户信息...
2020-03-25 16:11:47,931  INFO UserVoController:88 - 查询uid=1的用户信息...
2020-03-25 16:11:48,093  INFO UserVoController:88 - 查询uid=1的用户信息...
2020-03-25 16:11:48,265  INFO UserVoController:88 - 查询uid=1的用户信息...
2020-03-25 16:11:48,440  INFO UserVoController:88 - 查询uid=1的用户信息...
2020-03-25 16:11:48,609  INFO UserVoController:88 - 查询uid=1的用户信息...
2020-03-25 16:11:48,784  INFO UserVoController:88 - 查询uid=1的用户信息...
2020-03-25 16:11:48,939  INFO UserVoController:88 - 查询uid=1的用户信息...
2020-03-25 16:11:49,100  INFO UserVoController:88 - 查询uid=1的用户信息...
2020-03-25 16:11:49,260  INFO UserVoController:88 - 查询uid=1的用户信息...
2020-03-25 16:11:49,434  INFO UserVoController:88 - 查询uid=1的用户信息...
2020-03-25 16:11:49,587  INFO UserVoController:88 - 查询uid=1的用户信息...
2020-03-25 16:11:49,765  INFO UserVoController:88 - 查询uid=1的用户信息...
2020-03-25 16:11:49,960  INFO UserVoController:88 - 查询uid=1的用户信息...
2020-03-25 16:11:50,130  INFO UserVoController:88 - 查询uid=1的用户信息...
2020-03-25 16:11:50,292  INFO UserVoController:88 - 查询uid=1的用户信息...
2020-03-25 16:11:50,458  INFO UserVoController:88 - 查询uid=1的用户信息...
2020-03-25 16:11:50,641  INFO UserVoController:88 - 查询uid=1的用户信息...
2020-03-25 16:11:50,817  INFO UserVoController:88 - 查询uid=1的用户信息...
2020-03-25 16:11:50,997  INFO UserVoController:88 - 查询uid=1的用户信息...
2020-03-25 16:11:51,171  INFO UserVoController:88 - 查询uid=1的用户信息...
2020-03-25 16:11:51,348  INFO UserVoController:88 - 查询uid=1的用户信息...
2020-03-25 16:11:51,535  INFO UserVoController:88 - 查询uid=1的用户信息...
2020-03-25 16:11:51,689  INFO UserVoController:88 - 查询uid=1的用户信息...
2020-03-25 16:11:51,852  INFO UserVoController:88 - 查询uid=1的用户信息...
2020-03-25 16:11:52,030  INFO UserVoController:88 - 查询uid=1的用户信息...
2020-03-25 16:11:52,227  INFO UserVoController:88 - 查询uid=1的用户信息...
2020-03-25 16:11:52,418  INFO UserVoController:88 - 查询uid=1的用户信息...
